<?xml version="1.0" encoding="UTF-8"?>
<!-- Generated by org.testng.reporters.JUnitReportReporter -->
<testsuite hostname="ulquria" failures="0" tests="4" name="api.test.UserTests2" time="11.490" errors="0" timestamp="2025-10-25T14:02:51 IST" skipped="0">
  <testcase classname="api.test.UserTests2" name="testPostUser" time="4.877"/>
  <testcase classname="api.test.UserTests2" name="testGetUserByName" time="1.727"/>
  <testcase classname="api.test.UserTests2" name="testUpdateUserByName" time="3.257"/>
  <testcase classname="api.test.UserTests2" name="testDeleteUserByName" time="1.629"/>
</testsuite> <!-- api.test.UserTests2 -->
