<?xml version="1.0" encoding="UTF-8"?>
<!-- Generated by org.testng.reporters.JUnitReportReporter -->
<testsuite hostname="ulquria" failures="0" tests="6" name="api.test.DDTests" time="23.747" errors="0" timestamp="2025-10-24T19:44:47 IST" skipped="0">
  <testcase classname="api.test.DDTests" name="testPostuser" time="2.243"/>
  <testcase classname="api.test.DDTests" name="testPostuser" time="2.567"/>
  <testcase classname="api.test.DDTests" name="testPostuser" time="7.627"/>
  <testcase classname="api.test.DDTests" name="testDeleteUserByName" time="3.029"/>
  <testcase classname="api.test.DDTests" name="testDeleteUserByName" time="4.117"/>
  <testcase classname="api.test.DDTests" name="testDeleteUserByName" time="4.164"/>
</testsuite> <!-- api.test.DDTests -->
