<?xml version="1.0" encoding="UTF-8"?>
<!-- Generated by org.testng.reporters.JUnitReportReporter -->
<testsuite hostname="ulquria" failures="0" tests="6" name="api.test.DDTests" time="12.786" errors="0" timestamp="2025-10-25T16:16:03 IST" skipped="0">
  <testcase classname="api.test.DDTests" name="testPostuser" time="1.596"/>
  <testcase classname="api.test.DDTests" name="testPostuser" time="1.533"/>
  <testcase classname="api.test.DDTests" name="testPostuser" time="4.937"/>
  <testcase classname="api.test.DDTests" name="testDeleteUserByName" time="1.638"/>
  <testcase classname="api.test.DDTests" name="testDeleteUserByName" time="1.548"/>
  <testcase classname="api.test.DDTests" name="testDeleteUserByName" time="1.534"/>
</testsuite> <!-- api.test.DDTests -->
